Log file open, 12/03/19 18:50:25
LogWindows: Failed to load 'aqProf.dll' (GetLastError=126)
LogWindows: File 'aqProf.dll' does not exist
LogWindows: Failed to load 'VtuneApi.dll' (GetLastError=126)
LogWindows: File 'VtuneApi.dll' does not exist
LogWindows: Failed to load 'VtuneApi32e.dll' (GetLastError=126)
LogWindows: File 'VtuneApi32e.dll' does not exist
LogConsoleResponse: Display: Failed to find resolution value strings in scalability ini. Falling back to default.
LogInit: Display: Running engine for game: Wend_Prototype
LogPlatformFile: Not using cached read wrapper
LogTaskGraph: Started task graph with 5 named threads and 47 total threads with 3 sets of task threads.
LogStats: Stats thread started at 0.158925
LogD3D11RHI: Loaded GFSDK_Aftermath_Lib.x64.dll
LogICUInternationalization: ICU TimeZone Detection - Raw Offset: -5:00, Platform Override: ''
LogPluginManager: Mounting plugin Paper2D
LogPluginManager: Mounting plugin AISupport
LogPluginManager: Mounting plugin LightPropagationVolume
LogPluginManager: Mounting plugin ActorLayerUtilities
LogPluginManager: Mounting plugin AnimationSharing
LogPluginManager: Mounting plugin CLionSourceCodeAccess
LogPluginManager: Mounting plugin CodeLiteSourceCodeAccess
LogPluginManager: Mounting plugin GitSourceControl
LogPluginManager: Mounting plugin KDevelopSourceCodeAccess
LogPluginManager: Mounting plugin NullSourceCodeAccess
LogPluginManager: Mounting plugin PerforceSourceControl
LogPluginManager: Mounting plugin SubversionSourceControl
LogPluginManager: Mounting plugin UObjectPlugin
LogPluginManager: Mounting plugin VisualStudioCodeSourceCodeAccess
LogPluginManager: Mounting plugin VisualStudioSourceCodeAccess
LogPluginManager: Mounting plugin XCodeSourceCodeAccess
LogPluginManager: Mounting plugin AssetManagerEditor
LogPluginManager: Mounting plugin CryptoKeys
LogPluginManager: Mounting plugin CurveEditorTools
LogPluginManager: Mounting plugin DataValidation
LogPluginManager: Mounting plugin FacialAnimation
LogPluginManager: Mounting plugin GameplayTagsEditor
LogPluginManager: Mounting plugin MacGraphicsSwitching
LogPluginManager: Mounting plugin MaterialAnalyzer
LogPluginManager: Mounting plugin MobileLauncherProfileWizard
LogPluginManager: Mounting plugin PluginBrowser
LogPluginManager: Mounting plugin SpeedTreeImporter
LogPluginManager: Mounting plugin DatasmithContent
LogPluginManager: Mounting plugin VariantManagerContent
LogPluginManager: Mounting plugin AlembicImporter
LogPluginManager: Mounting plugin AutomationUtils
LogPluginManager: Mounting plugin BackChannel
LogPluginManager: Mounting plugin CharacterAI
LogPluginManager: Mounting plugin GeometryCache
LogPluginManager: Mounting plugin HTML5Networking
LogPluginManager: Mounting plugin PlatformCrypto
LogPluginManager: Mounting plugin ProxyLODPlugin
LogPluginManager: Mounting plugin SkeletalReduction
LogPluginManager: Mounting plugin MagicLeap
LogPluginManager: Mounting plugin MagicLeapMedia
LogPluginManager: Mounting plugin AndroidMedia
LogPluginManager: Mounting plugin AvfMedia
LogPluginManager: Mounting plugin ImgMedia
LogPluginManager: Mounting plugin MediaCompositing
LogPluginManager: Mounting plugin MediaPlayerEditor
LogPluginManager: Mounting plugin WebMMedia
LogPluginManager: Mounting plugin WmfMedia
LogPluginManager: Mounting plugin TcpMessaging
LogPluginManager: Mounting plugin UdpMessaging
LogPluginManager: Mounting plugin ActorSequence
LogPluginManager: Mounting plugin LevelSequenceEditor
LogPluginManager: Mounting plugin MatineeToLevelSequence
LogPluginManager: Mounting plugin NetcodeUnitTest
LogPluginManager: Mounting plugin NUTUnrealEngine4
LogPluginManager: Mounting plugin OnlineSubsystemGooglePlay
LogPluginManager: Mounting plugin OnlineSubsystemIOS
LogPluginManager: Mounting plugin OnlineSubsystem
LogPluginManager: Mounting plugin OnlineSubsystemNull
LogPluginManager: Mounting plugin OnlineSubsystemUtils
LogPluginManager: Mounting plugin LauncherChunkInstaller
LogPluginManager: Mounting plugin AndroidDeviceProfileSelector
LogPluginManager: Mounting plugin AndroidMoviePlayer
LogPluginManager: Mounting plugin AndroidPermission
LogPluginManager: Mounting plugin AppleImageUtils
LogPluginManager: Mounting plugin AppleMoviePlayer
LogPluginManager: Mounting plugin ArchVisCharacter
LogPluginManager: Mounting plugin AudioCapture
LogPluginManager: Mounting plugin CableComponent
LogPluginManager: Mounting plugin CustomMeshComponent
LogPluginManager: Mounting plugin EditableMesh
LogPluginManager: Mounting plugin ExampleDeviceProfileSelector
LogPluginManager: Mounting plugin GoogleCloudMessaging
LogPluginManager: Mounting plugin IOSDeviceProfileSelector
LogPluginManager: Mounting plugin LinuxDeviceProfileSelector
LogPluginManager: Mounting plugin LocationServicesBPLibrary
LogPluginManager: Mounting plugin MobilePatchingUtils
LogPluginManager: Mounting plugin OculusVR
LogPluginManager: Mounting plugin PhysXVehicles
LogPluginManager: Mounting plugin ProceduralMeshComponent
LogPluginManager: Mounting plugin RuntimePhysXCooking
LogPluginManager: Mounting plugin SignificanceManager
LogPluginManager: Mounting plugin SteamVR
LogPluginManager: Mounting plugin WebMMoviePlayer
LogPluginManager: Mounting plugin WindowsMoviePlayer
LogPluginManager: Mounting plugin ScreenshotTools
LogInit: Using libcurl 7.55.1-DEV
LogInit:  - built for x86_64-pc-win32
LogInit:  - supports SSL with OpenSSL/1.1.1
LogInit:  - supports HTTP deflate (compression) using libz 1.2.8
LogInit:  - other features:
LogInit:      CURL_VERSION_SSL
LogInit:      CURL_VERSION_LIBZ
LogInit:      CURL_VERSION_IPV6
LogInit:      CURL_VERSION_ASYNCHDNS
LogInit:      CURL_VERSION_LARGEFILE
LogInit:      CURL_VERSION_IDN
LogInit:  CurlRequestOptions (configurable via config and command line):
LogInit:  - bVerifyPeer = true  - Libcurl will verify peer certificate
LogInit:  - bUseHttpProxy = false  - Libcurl will NOT use HTTP proxy
LogInit:  - bDontReuseConnections = false  - Libcurl will reuse connections
LogInit:  - MaxHostConnections = 16  - Libcurl will limit the number of connections to a host
LogInit:  - LocalHostAddr = Default
LogInit:  - BufferSize = 65536
LogOnline: OSS: Creating online subsystem instance for: NULL
LogInit: WinSock: version 1.1 (2.2), MaxSocks=32767, MaxUdp=65467
LogInit: Build: ++UE4+Release-4.23-CL-9631420
LogInit: Engine Version: 4.23.1-9631420+++UE4+Release-4.23
LogInit: Compatible Engine Version: 4.23.0-8386587+++UE4+Release-4.23
LogInit: Net CL: 8386587
LogInit: OS: Windows 10 (Release 1809) (), CPU: AMD Ryzen 7 2700 Eight-Core Processor          , GPU: NVIDIA GeForce GTX 1050
LogInit: Compiled (64-bit): Oct 18 2019 02:07:44
LogInit: Compiled with Visual C++: 19.16.27030.01
LogInit: Build Configuration: Development
LogInit: Branch Name: ++UE4+Release-4.23
LogInit: Command Line: 
LogInit: Base Directory: C:/Program Files/Epic Games/UE_4.23/Engine/Binaries/Win64/
LogInit: Installed Engine Build: 1
LogDevObjectVersion: Number of dev versions registered: 23
LogDevObjectVersion:   Dev-Blueprints (B0D832E4-1F89-4F0D-ACCF-7EB736FD4AA2): 10
LogDevObjectVersion:   Dev-Build (E1C64328-A22C-4D53-A36C-8E866417BD8C): 0
LogDevObjectVersion:   Dev-Core (375EC13C-06E4-48FB-B500-84F0262A717E): 3
LogDevObjectVersion:   Dev-Editor (E4B068ED-F494-42E9-A231-DA0B2E46BB41): 34
LogDevObjectVersion:   Dev-Framework (CFFC743F-43B0-4480-9391-14DF171D2073): 35
LogDevObjectVersion:   Dev-Mobile (B02B49B5-BB20-44E9-A304-32B752E40360): 2
LogDevObjectVersion:   Dev-Networking (A4E4105C-59A1-49B5-A7C5-40C4547EDFEE): 0
LogDevObjectVersion:   Dev-Online (39C831C9-5AE6-47DC-9A44-9C173E1C8E7C): 0
LogDevObjectVersion:   Dev-Physics (78F01B33-EBEA-4F98-B9B4-84EACCB95AA2): 0
LogDevObjectVersion:   Dev-Platform (6631380F-2D4D-43E0-8009-CF276956A95A): 0
LogDevObjectVersion:   Dev-Rendering (12F88B9F-8875-4AFC-A67C-D90C383ABD29): 31
LogDevObjectVersion:   Dev-Sequencer (7B5AE74C-D270-4C10-A958-57980B212A5A): 11
LogDevObjectVersion:   Dev-VR (D7296918-1DD6-4BDD-9DE2-64A83CC13884): 2
LogDevObjectVersion:   Dev-LoadTimes (C2A15278-BFE7-4AFE-6C17-90FF531DF755): 1
LogDevObjectVersion:   Private-Geometry (6EACA3D4-40EC-4CC1-B786-8BED09428FC5): 3
LogDevObjectVersion:   Dev-AnimPhys (29E575DD-E0A3-4627-9D10-D276232CDCEA): 17
LogDevObjectVersion:   Dev-Anim (AF43A65D-7FD3-4947-9873-3E8ED9C1BB05): 2
LogDevObjectVersion:   Dev-ReflectionCapture (6B266CEC-1EC7-4B8F-A30B-E4D90942FC07): 1
LogDevObjectVersion:   Dev-Automation (0DF73D61-A23F-47EA-B727-89E90C41499A): 1
LogDevObjectVersion:   FortniteMain (601D1886-AC64-4F84-AA16-D3DE0DEAC7D6): 27
LogDevObjectVersion:   Dev-Enterprise (9DFFBCD6-494F-0158-E221-12823C92A888): 6
LogDevObjectVersion:   Dev-Niagara (F2AED0AC-9AFE-416F-8664-AA7FFA26D6FC): 1
LogDevObjectVersion:   Dev-Destruction (174F1F0B-B4C6-45A5-B13F-2EE8D0FB917D): 9
LogInit: Presizing for max 16777216 objects, including 0 objects not considered by GC, pre-allocating 0 bytes for permanent pool.
LogInit: Object subsystem initialized
LogConfig: Setting CVar [[con.DebugEarlyDefault:1]]
LogConfig: Setting CVar [[r.setres:1280x720]]
[2019.12.03-23.50.26:433][  0]LogConfig: Setting CVar [[r.VSync:0]]
[2019.12.03-23.50.26:433][  0]LogConfig: Setting CVar [[r.RHICmdBypass:0]]
[2019.12.03-23.50.26:433][  0]LogConfig: Applying CVar settings from Section [/Script/Engine.RendererSettings] File [H:/Documents/School/4th Yr/S1/Gaming/WendGame/Wend_Prototype/Saved/Config/Windows/Engine.ini]
[2019.12.03-23.50.26:433][  0]LogConfig: Setting CVar [[r.GPUCrashDebugging:0]]
[2019.12.03-23.50.26:433][  0]LogConfig: Applying CVar settings from Section [/Script/Engine.RendererOverrideSettings] File [H:/Documents/School/4th Yr/S1/Gaming/WendGame/Wend_Prototype/Saved/Config/Windows/Engine.ini]
[2019.12.03-23.50.26:433][  0]LogConfig: Applying CVar settings from Section [/Script/Engine.StreamingSettings] File [H:/Documents/School/4th Yr/S1/Gaming/WendGame/Wend_Prototype/Saved/Config/Windows/Engine.ini]
[2019.12.03-23.50.26:433][  0]LogConfig: Setting CVar [[s.MinBulkDataSizeForAsyncLoading:131072]]
[2019.12.03-23.50.26:433][  0]LogConfig: Setting CVar [[s.AsyncLoadingThreadEnabled:0]]
[2019.12.03-23.50.26:433][  0]LogConfig: Setting CVar [[s.EventDrivenLoaderEnabled:1]]
[2019.12.03-23.50.26:433][  0]LogConfig: Setting CVar [[s.WarnIfTimeLimitExceeded:0]]
[2019.12.03-23.50.26:433][  0]LogConfig: Setting CVar [[s.TimeLimitExceededMultiplier:1.5]]
[2019.12.03-23.50.26:433][  0]LogConfig: Setting CVar [[s.TimeLimitExceededMinTime:0.005]]
[2019.12.03-23.50.26:433][  0]LogConfig: Setting CVar [[s.UseBackgroundLevelStreaming:1]]
[2019.12.03-23.50.26:433][  0]LogConfig: Setting CVar [[s.PriorityAsyncLoadingExtraTime:15.0]]
[2019.12.03-23.50.26:433][  0]LogConfig: Setting CVar [[s.LevelStreamingActorsUpdateTimeLimit:5.0]]
[2019.12.03-23.50.26:433][  0]LogConfig: Setting CVar [[s.PriorityLevelStreamingActorsUpdateExtraTime:5.0]]
[2019.12.03-23.50.26:433][  0]LogConfig: Setting CVar [[s.LevelStreamingComponentsRegistrationGranularity:10]]
[2019.12.03-23.50.26:433][  0]LogConfig: Setting CVar [[s.UnregisterComponentsTimeLimit:1.0]]
[2019.12.03-23.50.26:433][  0]LogConfig: Setting CVar [[s.LevelStreamingComponentsUnregistrationGranularity:5]]
[2019.12.03-23.50.26:433][  0]LogConfig: Applying CVar settings from Section [/Script/Engine.GarbageCollectionSettings] File [H:/Documents/School/4th Yr/S1/Gaming/WendGame/Wend_Prototype/Saved/Config/Windows/Engine.ini]
[2019.12.03-23.50.26:433][  0]LogConfig: Setting CVar [[gc.MaxObjectsNotConsideredByGC:1]]
[2019.12.03-23.50.26:433][  0]LogConfig: Setting CVar [[gc.SizeOfPermanentObjectPool:0]]
[2019.12.03-23.50.26:433][  0]LogConfig: Setting CVar [[gc.FlushStreamingOnGC:0]]
[2019.12.03-23.50.26:433][  0]LogConfig: Setting CVar [[gc.NumRetriesBeforeForcingGC:10]]
[2019.12.03-23.50.26:433][  0]LogConfig: Setting CVar [[gc.AllowParallelGC:1]]
[2019.12.03-23.50.26:433][  0]LogConfig: Setting CVar [[gc.TimeBetweenPurgingPendingKillObjects:61.1]]
[2019.12.03-23.50.26:433][  0]LogConfig: Setting CVar [[gc.MaxObjectsInEditor:16777216]]
[2019.12.03-23.50.26:433][  0]LogConfig: Setting CVar [[gc.IncrementalBeginDestroyEnabled:1]]
[2019.12.03-23.50.26:433][  0]LogConfig: Setting CVar [[gc.CreateGCClusters:1]]
[2019.12.03-23.50.26:433][  0]LogConfig: Setting CVar [[gc.MinGCClusterSize:5]]
[2019.12.03-23.50.26:433][  0]LogConfig: Setting CVar [[gc.ActorClusteringEnabled:0]]
[2019.12.03-23.50.26:433][  0]LogConfig: Setting CVar [[gc.BlueprintClusteringEnabled:0]]
[2019.12.03-23.50.26:433][  0]LogConfig: Setting CVar [[gc.UseDisregardForGCOnDedicatedServers:0]]
[2019.12.03-23.50.26:433][  0]LogConfig: Applying CVar settings from Section [/Script/Engine.NetworkSettings] File [H:/Documents/School/4th Yr/S1/Gaming/WendGame/Wend_Prototype/Saved/Config/Windows/Engine.ini]
[2019.12.03-23.50.26:433][  0]LogConfig: Applying CVar settings from Section [/Script/UnrealEd.CookerSettings] File [H:/Documents/School/4th Yr/S1/Gaming/WendGame/Wend_Prototype/Saved/Config/Windows/Engine.ini]
[2019.12.03-23.50.26:439][  0]LogConfig: Applying CVar settings from Section [ViewDistanceQuality@3] File [H:/Documents/School/4th Yr/S1/Gaming/WendGame/Wend_Prototype/Saved/Config/Windows/Scalability.ini]
[2019.12.03-23.50.26:439][  0]LogConfig: Setting CVar [[r.SkeletalMeshLODBias:0]]
[2019.12.03-23.50.26:439][  0]LogConfig: Setting CVar [[r.ViewDistanceScale:1.0]]
[2019.12.03-23.50.26:440][  0]LogConfig: Applying CVar settings from Section [AntiAliasingQuality@3] File [H:/Documents/School/4th Yr/S1/Gaming/WendGame/Wend_Prototype/Saved/Config/Windows/Scalability.ini]
[2019.12.03-23.50.26:440][  0]LogConfig: Setting CVar [[r.PostProcessAAQuality:4]]
[2019.12.03-23.50.26:440][  0]LogConfig: Applying CVar settings from Section [ShadowQuality@3] File [H:/Documents/School/4th Yr/S1/Gaming/WendGame/Wend_Prototype/Saved/Config/Windows/Scalability.ini]
[2019.12.03-23.50.26:440][  0]LogConfig: Setting CVar [[r.LightFunctionQuality:1]]
[2019.12.03-23.50.26:440][  0]LogConfig: Setting CVar [[r.ShadowQuality:5]]
[2019.12.03-23.50.26:440][  0]LogConfig: Setting CVar [[r.Shadow.CSM.MaxCascades:10]]
[2019.12.03-23.50.26:440][  0]LogConfig: Setting CVar [[r.Shadow.MaxResolution:2048]]
[2019.12.03-23.50.26:440][  0]LogConfig: Setting CVar [[r.Shadow.MaxCSMResolution:2048]]
[2019.12.03-23.50.26:440][  0]LogConfig: Setting CVar [[r.Shadow.RadiusThreshold:0.01]]
[2019.12.03-23.50.26:440][  0]LogConfig: Setting CVar [[r.Shadow.DistanceScale:1.0]]
[2019.12.03-23.50.26:440][  0]LogConfig: Setting CVar [[r.Shadow.CSM.TransitionScale:1.0]]
[2019.12.03-23.50.26:440][  0]LogConfig: Setting CVar [[r.Shadow.PreShadowResolutionFactor:1.0]]
[2019.12.03-23.50.26:440][  0]LogConfig: Setting CVar [[r.DistanceFieldShadowing:1]]
[2019.12.03-23.50.26:440][  0]LogConfig: Setting CVar [[r.DistanceFieldAO:1]]
[2019.12.03-23.50.26:440][  0]LogConfig: Setting CVar [[r.AOQuality:2]]
[2019.12.03-23.50.26:440][  0]LogConfig: Setting CVar [[r.VolumetricFog:1]]
[2019.12.03-23.50.26:440][  0]LogConfig: Setting CVar [[r.VolumetricFog.GridPixelSize:8]]
[2019.12.03-23.50.26:440][  0]LogConfig: Setting CVar [[r.VolumetricFog.GridSizeZ:128]]
[2019.12.03-23.50.26:440][  0]LogConfig: Setting CVar [[r.VolumetricFog.HistoryMissSupersampleCount:4]]
[2019.12.03-23.50.26:440][  0]LogConfig: Setting CVar [[r.LightMaxDrawDistanceScale:1]]
[2019.12.03-23.50.26:440][  0]LogConfig: Setting CVar [[r.CapsuleShadows:1]]
[2019.12.03-23.50.26:441][  0]LogConfig: Applying CVar settings from Section [PostProcessQuality@3] File [H:/Documents/School/4th Yr/S1/Gaming/WendGame/Wend_Prototype/Saved/Config/Windows/Scalability.ini]
[2019.12.03-23.50.26:441][  0]LogConfig: Setting CVar [[r.MotionBlurQuality:4]]
[2019.12.03-23.50.26:441][  0]LogConfig: Setting CVar [[r.AmbientOcclusionMipLevelFactor:0.4]]
[2019.12.03-23.50.26:441][  0]LogConfig: Setting CVar [[r.AmbientOcclusionMaxQuality:100]]
[2019.12.03-23.50.26:441][  0]LogConfig: Setting CVar [[r.AmbientOcclusionLevels:-1]]
[2019.12.03-23.50.26:441][  0]LogConfig: Setting CVar [[r.AmbientOcclusionRadiusScale:1.0]]
[2019.12.03-23.50.26:441][  0]LogConfig: Setting CVar [[r.DepthOfFieldQuality:2]]
[2019.12.03-23.50.26:441][  0]LogConfig: Setting CVar [[r.RenderTargetPoolMin:400]]
[2019.12.03-23.50.26:441][  0]LogConfig: Setting CVar [[r.LensFlareQuality:2]]
[2019.12.03-23.50.26:441][  0]LogConfig: Setting CVar [[r.SceneColorFringeQuality:1]]
[2019.12.03-23.50.26:441][  0]LogConfig: Setting CVar [[r.EyeAdaptationQuality:2]]
[2019.12.03-23.50.26:441][  0]LogConfig: Setting CVar [[r.BloomQuality:5]]
[2019.12.03-23.50.26:441][  0]LogConfig: Setting CVar [[r.FastBlurThreshold:100]]
[2019.12.03-23.50.26:441][  0]LogConfig: Setting CVar [[r.Upscale.Quality:3]]
[2019.12.03-23.50.26:441][  0]LogConfig: Setting CVar [[r.Tonemapper.GrainQuantization:1]]
[2019.12.03-23.50.26:441][  0]LogConfig: Setting CVar [[r.LightShaftQuality:1]]
[2019.12.03-23.50.26:441][  0]LogConfig: Setting CVar [[r.Filter.SizeScale:1]]
[2019.12.03-23.50.26:441][  0]LogConfig: Setting CVar [[r.Tonemapper.Quality:5]]
[2019.12.03-23.50.26:441][  0]LogConfig: Setting CVar [[r.DOF.Gather.AccumulatorQuality:1        ; higher gathering accumulator quality]]
[2019.12.03-23.50.26:441][  0]LogConfig: Setting CVar [[r.DOF.Gather.PostfilterMethod:1          ; Median3x3 postfilering method]]
[2019.12.03-23.50.26:441][  0]LogConfig: Setting CVar [[r.DOF.Gather.EnableBokehSettings:0       ; no bokeh simulation when gathering]]
[2019.12.03-23.50.26:441][  0]LogConfig: Setting CVar [[r.DOF.Gather.RingCount:4                 ; medium number of samples when gathering]]
[2019.12.03-23.50.26:441][  0]LogConfig: Setting CVar [[r.DOF.Scatter.ForegroundCompositing:1    ; additive foreground scattering]]
[2019.12.03-23.50.26:441][  0]LogConfig: Setting CVar [[r.DOF.Scatter.BackgroundCompositing:2    ; additive background scattering]]
[2019.12.03-23.50.26:441][  0]LogConfig: Setting CVar [[r.DOF.Scatter.EnableBokehSettings:1      ; bokeh simulation when scattering]]
[2019.12.03-23.50.26:441][  0]LogConfig: Setting CVar [[r.DOF.Scatter.MaxSpriteRatio:0.1         ; only a maximum of 10% of scattered bokeh]]
[2019.12.03-23.50.26:441][  0]LogConfig: Setting CVar [[r.DOF.Recombine.Quality:1                ; cheap slight out of focus]]
[2019.12.03-23.50.26:441][  0]LogConfig: Setting CVar [[r.DOF.Recombine.EnableBokehSettings:0    ; no bokeh simulation on slight out of focus]]
[2019.12.03-23.50.26:441][  0]LogConfig: Setting CVar [[r.DOF.TemporalAAQuality:1                ; more stable temporal accumulation]]
[2019.12.03-23.50.26:441][  0]LogConfig: Setting CVar [[r.DOF.Kernel.MaxForegroundRadius:0.025]]
[2019.12.03-23.50.26:442][  0]LogConfig: Setting CVar [[r.DOF.Kernel.MaxBackgroundRadius:0.025]]
[2019.12.03-23.50.26:442][  0]LogConfig: Applying CVar settings from Section [TextureQuality@3] File [H:/Documents/School/4th Yr/S1/Gaming/WendGame/Wend_Prototype/Saved/Config/Windows/Scalability.ini]
[2019.12.03-23.50.26:442][  0]LogConfig: Setting CVar [[r.Streaming.MipBias:0]]
[2019.12.03-23.50.26:442][  0]LogConfig: Setting CVar [[r.Streaming.AmortizeCPUToGPUCopy:0]]
[2019.12.03-23.50.26:442][  0]LogConfig: Setting CVar [[r.Streaming.MaxNumTexturesToStreamPerFrame:0]]
[2019.12.03-23.50.26:442][  0]LogConfig: Setting CVar [[r.Streaming.Boost:1]]
[2019.12.03-23.50.26:442][  0]LogConfig: Setting CVar [[r.MaxAnisotropy:8]]
[2019.12.03-23.50.26:442][  0]LogConfig: Setting CVar [[r.Streaming.LimitPoolSizeToVRAM:0]]
[2019.12.03-23.50.26:442][  0]LogConfig: Setting CVar [[r.Streaming.PoolSize:1000]]
[2019.12.03-23.50.26:442][  0]LogConfig: Setting CVar [[r.Streaming.MaxEffectiveScreenSize:0]]
[2019.12.03-23.50.26:442][  0]LogConfig: Applying CVar settings from Section [EffectsQuality@3] File [H:/Documents/School/4th Yr/S1/Gaming/WendGame/Wend_Prototype/Saved/Config/Windows/Scalability.ini]
[2019.12.03-23.50.26:442][  0]LogConfig: Setting CVar [[r.TranslucencyLightingVolumeDim:64]]
[2019.12.03-23.50.26:442][  0]LogConfig: Setting CVar [[r.RefractionQuality:2]]
[2019.12.03-23.50.26:442][  0]LogConfig: Setting CVar [[r.SSR.Quality:3]]
[2019.12.03-23.50.26:442][  0]LogConfig: Setting CVar [[r.SceneColorFormat:4]]
[2019.12.03-23.50.26:442][  0]LogConfig: Setting CVar [[r.DetailMode:2]]
[2019.12.03-23.50.26:442][  0]LogConfig: Setting CVar [[r.TranslucencyVolumeBlur:1]]
[2019.12.03-23.50.26:442][  0]LogConfig: Setting CVar [[r.MaterialQualityLevel:1 ; High quality]]
[2019.12.03-23.50.26:442][  0]LogConfig: Setting CVar [[r.SSS.Scale:1]]
[2019.12.03-23.50.26:442][  0]LogConfig: Setting CVar [[r.SSS.SampleSet:2]]
[2019.12.03-23.50.26:442][  0]LogConfig: Setting CVar [[r.SSS.Quality:1]]
[2019.12.03-23.50.26:442][  0]LogConfig: Setting CVar [[r.SSS.HalfRes:1]]
[2019.12.03-23.50.26:442][  0]LogConfig: Setting CVar [[r.EmitterSpawnRateScale:1.0]]
[2019.12.03-23.50.26:442][  0]LogConfig: Setting CVar [[r.ParticleLightQuality:2]]
[2019.12.03-23.50.26:442][  0]LogConfig: Applying CVar settings from Section [FoliageQuality@3] File [H:/Documents/School/4th Yr/S1/Gaming/WendGame/Wend_Prototype/Saved/Config/Windows/Scalability.ini]
[2019.12.03-23.50.26:442][  0]LogConfig: Setting CVar [[foliage.DensityScale:1.0]]
[2019.12.03-23.50.26:442][  0]LogConfig: Setting CVar [[grass.DensityScale:1.0]]
[2019.12.03-23.50.26:442][  0]LogInit: Selected Device Profile: [Windows]
[2019.12.03-23.50.26:443][  0]LogInit: Applying CVar settings loaded from the selected device profile: [Windows]
[2019.12.03-23.50.26:457][  0]LogHAL: Display: Platform has ~ 16 GB [17109303296 / 17179869184 / 16], which maps to Larger [LargestMinGB=32, LargerMinGB=12, DefaultMinGB=8, SmallerMinGB=6, SmallestMinGB=0)
[2019.12.03-23.50.26:457][  0]LogInit: Going up to parent DeviceProfile []
[2019.12.03-23.50.26:457][  0]LogConfig: Applying CVar settings from Section [ViewDistanceQuality@3] File [H:/Documents/School/4th Yr/S1/Gaming/WendGame/Wend_Prototype/Saved/Config/Windows/Scalability.ini]
[2019.12.03-23.50.26:457][  0]LogConfig: Setting CVar [[r.SkeletalMeshLODBias:0]]
[2019.12.03-23.50.26:457][  0]LogConfig: Setting CVar [[r.ViewDistanceScale:1.0]]
[2019.12.03-23.50.26:457][  0]LogConfig: Applying CVar settings from Section [AntiAliasingQuality@3] File [H:/Documents/School/4th Yr/S1/Gaming/WendGame/Wend_Prototype/Saved/Config/Windows/Scalability.ini]
[2019.12.03-23.50.26:457][  0]LogConfig: Setting CVar [[r.PostProcessAAQuality:4]]
[2019.12.03-23.50.26:457][  0]LogConfig: Applying CVar settings from Section [ShadowQuality@3] File [H:/Documents/School/4th Yr/S1/Gaming/WendGame/Wend_Prototype/Saved/Config/Windows/Scalability.ini]
[2019.12.03-23.50.26:457][  0]LogConfig: Setting CVar [[r.LightFunctionQuality:1]]
[2019.12.03-23.50.26:457][  0]LogConfig: Setting CVar [[r.ShadowQuality:5]]
[2019.12.03-23.50.26:457][  0]LogConfig: Setting CVar [[r.Shadow.CSM.MaxCascades:10]]
[2019.12.03-23.50.26:457][  0]LogConfig: Setting CVar [[r.Shadow.MaxResolution:2048]]
[2019.12.03-23.50.26:457][  0]LogConfig: Setting CVar [[r.Shadow.MaxCSMResolution:2048]]
[2019.12.03-23.50.26:457][  0]LogConfig: Setting CVar [[r.Shadow.RadiusThreshold:0.01]]
[2019.12.03-23.50.26:457][  0]LogConfig: Setting CVar [[r.Shadow.DistanceScale:1.0]]
[2019.12.03-23.50.26:457][  0]LogConfig: Setting CVar [[r.Shadow.CSM.TransitionScale:1.0]]
[2019.12.03-23.50.26:457][  0]LogConfig: Setting CVar [[r.Shadow.PreShadowResolutionFactor:1.0]]
[2019.12.03-23.50.26:457][  0]LogConfig: Setting CVar [[r.DistanceFieldShadowing:1]]
[2019.12.03-23.50.26:457][  0]LogConfig: Setting CVar [[r.DistanceFieldAO:1]]
[2019.12.03-23.50.26:457][  0]LogConfig: Setting CVar [[r.AOQuality:2]]
[2019.12.03-23.50.26:457][  0]LogConfig: Setting CVar [[r.VolumetricFog:1]]
[2019.12.03-23.50.26:458][  0]LogConfig: Setting CVar [[r.VolumetricFog.GridPixelSize:8]]
[2019.12.03-23.50.26:458][  0]LogConfig: Setting CVar [[r.VolumetricFog.GridSizeZ:128]]
[2019.12.03-23.50.26:458][  0]LogConfig: Setting CVar [[r.VolumetricFog.HistoryMissSupersampleCount:4]]
[2019.12.03-23.50.26:458][  0]LogConfig: Setting CVar [[r.LightMaxDrawDistanceScale:1]]
[2019.12.03-23.50.26:458][  0]LogConfig: Setting CVar [[r.CapsuleShadows:1]]
[2019.12.03-23.50.26:458][  0]LogConfig: Applying CVar settings from Section [PostProcessQuality@3] File [H:/Documents/School/4th Yr/S1/Gaming/WendGame/Wend_Prototype/Saved/Config/Windows/Scalability.ini]
[2019.12.03-23.50.26:458][  0]LogConfig: Setting CVar [[r.MotionBlurQuality:4]]
[2019.12.03-23.50.26:458][  0]LogConfig: Setting CVar [[r.AmbientOcclusionMipLevelFactor:0.4]]
[2019.12.03-23.50.26:458][  0]LogConfig: Setting CVar [[r.AmbientOcclusionMaxQuality:100]]
[2019.12.03-23.50.26:458][  0]LogConfig: Setting CVar [[r.AmbientOcclusionLevels:-1]]
[2019.12.03-23.50.26:458][  0]LogConfig: Setting CVar [[r.AmbientOcclusionRadiusScale:1.0]]
[2019.12.03-23.50.26:458][  0]LogConfig: Setting CVar [[r.DepthOfFieldQuality:2]]
[2019.12.03-23.50.26:458][  0]LogConfig: Setting CVar [[r.RenderTargetPoolMin:400]]
[2019.12.03-23.50.26:458][  0]LogConfig: Setting CVar [[r.LensFlareQuality:2]]
[2019.12.03-23.50.26:458][  0]LogConfig: Setting CVar [[r.SceneColorFringeQuality:1]]
[2019.12.03-23.50.26:458][  0]LogConfig: Setting CVar [[r.EyeAdaptationQuality:2]]
[2019.12.03-23.50.26:458][  0]LogConfig: Setting CVar [[r.BloomQuality:5]]
[2019.12.03-23.50.26:458][  0]LogConfig: Setting CVar [[r.FastBlurThreshold:100]]
[2019.12.03-23.50.26:458][  0]LogConfig: Setting CVar [[r.Upscale.Quality:3]]
[2019.12.03-23.50.26:458][  0]LogConfig: Setting CVar [[r.Tonemapper.GrainQuantization:1]]
[2019.12.03-23.50.26:458][  0]LogConfig: Setting CVar [[r.LightShaftQuality:1]]
[2019.12.03-23.50.26:458][  0]LogConfig: Setting CVar [[r.Filter.SizeScale:1]]
[2019.12.03-23.50.26:458][  0]LogConfig: Setting CVar [[r.Tonemapper.Quality:5]]
[2019.12.03-23.50.26:458][  0]LogConfig: Setting CVar [[r.DOF.Gather.AccumulatorQuality:1        ; higher gathering accumulator quality]]
[2019.12.03-23.50.26:458][  0]LogConfig: Setting CVar [[r.DOF.Gather.PostfilterMethod:1          ; Median3x3 postfilering method]]
[2019.12.03-23.50.26:458][  0]LogConfig: Setting CVar [[r.DOF.Gather.EnableBokehSettings:0       ; no bokeh simulation when gathering]]
[2019.12.03-23.50.26:458][  0]LogConfig: Setting CVar [[r.DOF.Gather.RingCount:4                 ; medium number of samples when gathering]]
[2019.12.03-23.50.26:458][  0]LogConfig: Setting CVar [[r.DOF.Scatter.ForegroundCompositing:1    ; additive foreground scattering]]
[2019.12.03-23.50.26:458][  0]LogConfig: Setting CVar [[r.DOF.Scatter.BackgroundCompositing:2    ; additive background scattering]]
[2019.12.03-23.50.26:458][  0]LogConfig: Setting CVar [[r.DOF.Scatter.EnableBokehSettings:1      ; bokeh simulation when scattering]]
[2019.12.03-23.50.26:458][  0]LogConfig: Setting CVar [[r.DOF.Scatter.MaxSpriteRatio:0.1         ; only a maximum of 10% of scattered bokeh]]
[2019.12.03-23.50.26:458][  0]LogConfig: Setting CVar [[r.DOF.Recombine.Quality:1                ; cheap slight out of focus]]
[2019.12.03-23.50.26:458][  0]LogConfig: Setting CVar [[r.DOF.Recombine.EnableBokehSettings:0    ; no bokeh simulation on slight out of focus]]
[2019.12.03-23.50.26:458][  0]LogConfig: Setting CVar [[r.DOF.TemporalAAQuality:1                ; more stable temporal accumulation]]
[2019.12.03-23.50.26:458][  0]LogConfig: Setting CVar [[r.DOF.Kernel.MaxForegroundRadius:0.025]]
[2019.12.03-23.50.26:458][  0]LogConfig: Setting CVar [[r.DOF.Kernel.MaxBackgroundRadius:0.025]]
[2019.12.03-23.50.26:458][  0]LogConfig: Applying CVar settings from Section [TextureQuality@3] File [H:/Documents/School/4th Yr/S1/Gaming/WendGame/Wend_Prototype/Saved/Config/Windows/Scalability.ini]
[2019.12.03-23.50.26:458][  0]LogConfig: Setting CVar [[r.Streaming.MipBias:0]]
[2019.12.03-23.50.26:458][  0]LogConfig: Setting CVar [[r.Streaming.AmortizeCPUToGPUCopy:0]]
[2019.12.03-23.50.26:458][  0]LogConfig: Setting CVar [[r.Streaming.MaxNumTexturesToStreamPerFrame:0]]
[2019.12.03-23.50.26:458][  0]LogConfig: Setting CVar [[r.Streaming.Boost:1]]
[2019.12.03-23.50.26:458][  0]LogConfig: Setting CVar [[r.MaxAnisotropy:8]]
[2019.12.03-23.50.26:458][  0]LogConfig: Setting CVar [[r.Streaming.LimitPoolSizeToVRAM:0]]
[2019.12.03-23.50.26:458][  0]LogConfig: Setting CVar [[r.Streaming.PoolSize:1000]]
[2019.12.03-23.50.26:458][  0]LogConfig: Setting CVar [[r.Streaming.MaxEffectiveScreenSize:0]]
[2019.12.03-23.50.26:458][  0]LogConfig: Applying CVar settings from Section [EffectsQuality@3] File [H:/Documents/School/4th Yr/S1/Gaming/WendGame/Wend_Prototype/Saved/Config/Windows/Scalability.ini]
[2019.12.03-23.50.26:458][  0]LogConfig: Setting CVar [[r.TranslucencyLightingVolumeDim:64]]
[2019.12.03-23.50.26:458][  0]LogConfig: Setting CVar [[r.RefractionQuality:2]]
[2019.12.03-23.50.26:458][  0]LogConfig: Setting CVar [[r.SSR.Quality:3]]
[2019.12.03-23.50.26:458][  0]LogConfig: Setting CVar [[r.SceneColorFormat:4]]
[2019.12.03-23.50.26:458][  0]LogConfig: Setting CVar [[r.DetailMode:2]]
[2019.12.03-23.50.26:458][  0]LogConfig: Setting CVar [[r.TranslucencyVolumeBlur:1]]
[2019.12.03-23.50.26:458][  0]LogConfig: Setting CVar [[r.MaterialQualityLevel:1 ; High quality]]
[2019.12.03-23.50.26:458][  0]LogConfig: Setting CVar [[r.SSS.Scale:1]]
[2019.12.03-23.50.26:458][  0]LogConfig: Setting CVar [[r.SSS.SampleSet:2]]
[2019.12.03-23.50.26:458][  0]LogConfig: Setting CVar [[r.SSS.Quality:1]]
[2019.12.03-23.50.26:458][  0]LogConfig: Setting CVar [[r.SSS.HalfRes:1]]
[2019.12.03-23.50.26:458][  0]LogConfig: Setting CVar [[r.EmitterSpawnRateScale:1.0]]
[2019.12.03-23.50.26:458][  0]LogConfig: Setting CVar [[r.ParticleLightQuality:2]]
[2019.12.03-23.50.26:458][  0]LogConfig: Applying CVar settings from Section [FoliageQuality@3] File [H:/Documents/School/4th Yr/S1/Gaming/WendGame/Wend_Prototype/Saved/Config/Windows/Scalability.ini]
[2019.12.03-23.50.26:458][  0]LogConfig: Setting CVar [[foliage.DensityScale:1.0]]
[2019.12.03-23.50.26:458][  0]LogConfig: Setting CVar [[grass.DensityScale:1.0]]
[2019.12.03-23.50.26:458][  0]LogConfig: Applying CVar settings from Section [Startup] File [../../../Engine/Config/ConsoleVariables.ini]
[2019.12.03-23.50.26:464][  0]LogConfig: Setting CVar [[net.UseAdaptiveNetUpdateFrequency:0]]
[2019.12.03-23.50.26:464][  0]LogConfig: Setting CVar [[p.chaos.AllowCreatePhysxBodies:1]]
[2019.12.03-23.50.26:464][  0]LogConfig: Applying CVar settings from Section [ConsoleVariables] File [H:/Documents/School/4th Yr/S1/Gaming/WendGame/Wend_Prototype/Saved/Config/Windows/Engine.ini]
[2019.12.03-23.50.26:465][  0]LogInit: Computer: DESKTOP-5QGJTAV
[2019.12.03-23.50.26:465][  0]LogInit: User: Heather
[2019.12.03-23.50.26:465][  0]LogInit: CPU Page size=4096, Cores=8
[2019.12.03-23.50.26:465][  0]LogInit: High frequency timer resolution =10.000000 MHz
[2019.12.03-23.50.26:465][  0]LogMemory: Memory total: Physical=15.9GB (16GB approx)
[2019.12.03-23.50.26:465][  0]LogMemory: Platform Memory Stats for Windows
[2019.12.03-23.50.26:465][  0]LogMemory: Process Physical Memory: 102.73 MB used, 102.74 MB peak
[2019.12.03-23.50.26:465][  0]LogMemory: Process Virtual Memory: 100.80 MB used, 100.80 MB peak
[2019.12.03-23.50.26:465][  0]LogMemory: Physical Memory: 10886.16 MB used,  5430.55 MB free, 16316.70 MB total
[2019.12.03-23.50.26:465][  0]LogMemory: Virtual Memory: 4716.10 MB used,  134213008.00 MB free, 134217728.00 MB total
[2019.12.03-23.50.26:468][  0]LogWindows: WindowsPlatformFeatures enabled
[2019.12.03-23.50.26:643][  0]LogInit: Using OS detected language (en-US).
[2019.12.03-23.50.26:643][  0]LogInit: Using OS detected locale (en-CA).
[2019.12.03-23.50.26:644][  0]LogTextLocalizationManager: No specific localization for 'en-US' exists, so the 'en' localization will be used.
[2019.12.03-23.50.26:859][  0]LogInit: Setting process to per monitor DPI aware
[2019.12.03-23.50.26:961][  0]LogSlate: New Slate User Created.  User Index 0, Is Virtual User: 0
[2019.12.03-23.50.26:961][  0]LogSlate: Slate User Registered.  User Index 0, Is Virtual User: 0
[2019.12.03-23.50.28:962][  0]LogHMD: Failed to initialize OpenVR with code 110
[2019.12.03-23.50.28:962][  0]LogD3D11RHI: D3D11 adapters:
[2019.12.03-23.50.29:040][  0]LogD3D11RHI:    0. 'NVIDIA GeForce GTX 1050' (Feature Level 11_0)
[2019.12.03-23.50.29:040][  0]LogD3D11RHI:       1977/0/8158 MB DedicatedVideo/DedicatedSystem/SharedSystem, Outputs:2, VendorId:0x10de
[2019.12.03-23.50.29:042][  0]LogD3D11RHI:    1. 'Microsoft Basic Render Driver' (Feature Level 11_0)
[2019.12.03-23.50.29:042][  0]LogD3D11RHI:       0/0/8158 MB DedicatedVideo/DedicatedSystem/SharedSystem, Outputs:0, VendorId:0x1414
[2019.12.03-23.50.29:042][  0]LogD3D11RHI: Chosen D3D11 Adapter: 0
[2019.12.03-23.50.29:067][  0]LogD3D11RHI: Creating new Direct3DDevice
[2019.12.03-23.50.29:067][  0]LogD3D11RHI:     GPU DeviceId: 0x1c81 (for the marketing name, search the web for "GPU Device Id")
[2019.12.03-23.50.29:067][  0]LogWindows: EnumDisplayDevices:
[2019.12.03-23.50.29:067][  0]LogWindows:    0. 'NVIDIA GeForce GTX 1050' (P:0 D:1)
[2019.12.03-23.50.29:067][  0]LogWindows:    1. 'NVIDIA GeForce GTX 1050' (P:1 D:1)
[2019.12.03-23.50.29:068][  0]LogWindows:    2. 'NVIDIA GeForce GTX 1050' (P:0 D:0)
[2019.12.03-23.50.29:068][  0]LogWindows:    3. 'NVIDIA GeForce GTX 1050' (P:0 D:0)
[2019.12.03-23.50.29:068][  0]LogWindows: DebugString: FoundDriverCount:4 
[2019.12.03-23.50.29:068][  0]LogD3D11RHI:     Adapter Name: NVIDIA GeForce GTX 1050
[2019.12.03-23.50.29:068][  0]LogD3D11RHI:   Driver Version: 431.86 (internal:26.21.14.3186, unified:431.86)
[2019.12.03-23.50.29:068][  0]LogD3D11RHI:      Driver Date: 8-27-2019
[2019.12.03-23.50.29:068][  0]LogRHI: Texture pool is 1384 MB (70% of 1977 MB)
[2019.12.03-23.50.29:115][  0]LogD3D11RHI: Async texture creation enabled
[2019.12.03-23.50.29:132][  0]LogD3D11RHI: GPU Timing Frequency: 1000.000000 (Debug: 2 1)
[2019.12.03-23.50.29:550][  0]LogTemp: Display: Module 'AllDesktopTargetPlatform' loaded TargetPlatform 'AllDesktop'
[2019.12.03-23.50.29:559][  0]LogTemp: Display: Module 'MacClientTargetPlatform' loaded TargetPlatform 'MacClient'
[2019.12.03-23.50.29:579][  0]LogTemp: Display: Module 'MacNoEditorTargetPlatform' loaded TargetPlatform 'MacNoEditor'
[2019.12.03-23.50.29:590][  0]LogTemp: Display: Module 'MacServerTargetPlatform' loaded TargetPlatform 'MacServer'
[2019.12.03-23.50.29:607][  0]LogTemp: Display: Module 'MacTargetPlatform' loaded TargetPlatform 'Mac'
[2019.12.03-23.50.29:616][  0]LogTemp: Display: Module 'WindowsClientTargetPlatform' loaded TargetPlatform 'WindowsClient'
[2019.12.03-23.50.29:626][  0]LogTemp: Display: Module 'WindowsNoEditorTargetPlatform' loaded TargetPlatform 'WindowsNoEditor'
[2019.12.03-23.50.29:636][  0]LogTemp: Display: Module 'WindowsServerTargetPlatform' loaded TargetPlatform 'WindowsServer'
[2019.12.03-23.50.29:641][  0]LogTemp: Display: Module 'WindowsTargetPlatform' loaded TargetPlatform 'Windows'
[2019.12.03-23.50.29:688][  0]LogTemp: Display: Module 'AndroidTargetPlatform' loaded TargetPlatform 'Android'
[2019.12.03-23.50.29:688][  0]LogTemp: Display: Module 'AndroidTargetPlatform' loaded TargetPlatform 'Android_ASTC'
[2019.12.03-23.50.29:688][  0]LogTemp: Display: Module 'AndroidTargetPlatform' loaded TargetPlatform 'Android_ATC'
[2019.12.03-23.50.29:688][  0]LogTemp: Display: Module 'AndroidTargetPlatform' loaded TargetPlatform 'Android_DXT'
[2019.12.03-23.50.29:688][  0]LogTemp: Display: Module 'AndroidTargetPlatform' loaded TargetPlatform 'Android_ETC1'
[2019.12.03-23.50.29:688][  0]LogTemp: Display: Module 'AndroidTargetPlatform' loaded TargetPlatform 'Android_ETC1a'
[2019.12.03-23.50.29:688][  0]LogTemp: Display: Module 'AndroidTargetPlatform' loaded TargetPlatform 'Android_ETC2'
[2019.12.03-23.50.29:688][  0]LogTemp: Display: Module 'AndroidTargetPlatform' loaded TargetPlatform 'Android_PVRTC'
[2019.12.03-23.50.29:688][  0]LogTemp: Display: Module 'AndroidTargetPlatform' loaded TargetPlatform 'AndroidClient'
[2019.12.03-23.50.29:688][  0]LogTemp: Display: Module 'AndroidTargetPlatform' loaded TargetPlatform 'Android_ASTCClient'
[2019.12.03-23.50.29:688][  0]LogTemp: Display: Module 'AndroidTargetPlatform' loaded TargetPlatform 'Android_ATCClient'
[2019.12.03-23.50.29:688][  0]LogTemp: Display: Module 'AndroidTargetPlatform' loaded TargetPlatform 'Android_DXTClient'
[2019.12.03-23.50.29:688][  0]LogTemp: Display: Module 'AndroidTargetPlatform' loaded TargetPlatform 'Android_ETC1Client'
[2019.12.03-23.50.29:688][  0]LogTemp: Display: Module 'AndroidTargetPlatform' loaded TargetPlatform 'Android_ETC1aClient'
[2019.12.03-23.50.29:688][  0]LogTemp: Display: Module 'AndroidTargetPlatform' loaded TargetPlatform 'Android_ETC2Client'
[2019.12.03-23.50.29:688][  0]LogTemp: Display: Module 'AndroidTargetPlatform' loaded TargetPlatform 'Android_PVRTCClient'
[2019.12.03-23.50.29:688][  0]LogTemp: Display: Module 'AndroidTargetPlatform' loaded TargetPlatform 'Android_Multi'
[2019.12.03-23.50.29:688][  0]LogTemp: Display: Module 'AndroidTargetPlatform' loaded TargetPlatform 'Android_MultiClient'
[2019.12.03-23.50.29:690][  0]LogTemp: Display: Module 'HTML5TargetPlatform' loaded TargetPlatform 'HTML5'
[2019.12.03-23.50.29:722][  0]LogTemp: Display: Module 'IOSTargetPlatform' loaded TargetPlatform 'IOSClient'
[2019.12.03-23.50.29:722][  0]LogTemp: Display: Module 'IOSTargetPlatform' loaded TargetPlatform 'IOS'
[2019.12.03-23.50.29:735][  0]LogTemp: Display: Module 'TVOSTargetPlatform' loaded TargetPlatform 'TVOSClient'
[2019.12.03-23.50.29:735][  0]LogTemp: Display: Module 'TVOSTargetPlatform' loaded TargetPlatform 'TVOS'
[2019.12.03-23.50.29:742][  0]LogTemp: Display: Module 'LinuxClientTargetPlatform' loaded TargetPlatform 'LinuxClient'
[2019.12.03-23.50.29:749][  0]LogTemp: Display: Module 'LinuxNoEditorTargetPlatform' loaded TargetPlatform 'LinuxNoEditor'
[2019.12.03-23.50.29:756][  0]LogTemp: Display: Module 'LinuxServerTargetPlatform' loaded TargetPlatform 'LinuxServer'
[2019.12.03-23.50.29:777][  0]LogTemp: Display: Module 'LinuxTargetPlatform' loaded TargetPlatform 'Linux'
[2019.12.03-23.50.29:806][  0]LogTemp: Display: Module 'LuminTargetPlatform' loaded TargetPlatform 'Lumin'
[2019.12.03-23.50.29:806][  0]LogTemp: Display: Module 'LuminTargetPlatform' loaded TargetPlatform 'LuminClient'
[2019.12.03-23.50.29:806][  0]LogTargetPlatformManager: Display: Building Assets For Windows
[2019.12.03-23.50.29:845][  0]LogAudioDebug: Display: Lib vorbis DLL was dynamically loaded.
[2019.12.03-23.50.29:940][  0]LogShaderCompilers: Guid format shader working directory is -13 characters bigger than the processId version (H:/Documents/School/4th Yr/S1/Gaming/WendGame/Wend_Prototype/Intermediate/Shaders/WorkingDirectory/72220/).
[2019.12.03-23.50.29:940][  0]LogShaderCompilers: Cleaned the shader compiler working directory 'C:/Users/Heather/AppData/Local/Temp/UnrealShaderWorkingDir/6E7B644B47CAED874FC8C890AAE13D54/'.
[2019.12.03-23.50.29:943][  0]LogXGEController: Cleaning working directory: C:/Users/Heather/AppData/Local/Temp/UnrealXGEWorkingDir/
[2019.12.03-23.50.29:943][  0]LogXGEController: Cannot use XGE Controller as Incredibuild is not installed on this machine.
[2019.12.03-23.50.29:943][  0]LogShaderCompilers: Cannot use XGE Shader Compiler as Incredibuild is not installed on this machine.
[2019.12.03-23.50.29:943][  0]LogShaderCompilers: Display: Using Local Shader Compiler.
[2019.12.03-23.50.32:318][  0]LogDerivedDataCache: Display: Max Cache Size: 512 MB
[2019.12.03-23.50.32:407][  0]LogDerivedDataCache: Loaded boot cache 0.09s 73MB C:/Users/Heather/AppData/Local/UnrealEngine/4.23/DerivedDataCache/Boot.ddc.
[2019.12.03-23.50.32:407][  0]LogDerivedDataCache: Display: Loaded Boot cache: C:/Users/Heather/AppData/Local/UnrealEngine/4.23/DerivedDataCache/Boot.ddc
[2019.12.03-23.50.32:407][  0]LogDerivedDataCache: FDerivedDataBackendGraph:  Pak pak cache file H:/Documents/School/4th Yr/S1/Gaming/WendGame/Wend_Prototype/DerivedDataCache/DDC.ddp not found, will not use a pak cache.
[2019.12.03-23.50.32:407][  0]LogDerivedDataCache: Unable to find inner node Pak for hierarchical cache Hierarchy.
[2019.12.03-23.50.32:407][  0]LogDerivedDataCache: FDerivedDataBackendGraph:  CompressedPak pak cache file H:/Documents/School/4th Yr/S1/Gaming/WendGame/Wend_Prototype/DerivedDataCache/Compressed.ddp not found, will not use a pak cache.
[2019.12.03-23.50.32:408][  0]LogDerivedDataCache: Unable to find inner node CompressedPak for hierarchical cache Hierarchy.
[2019.12.03-23.50.32:431][  0]LogDerivedDataCache: Display: Pak cache opened for reading ../../../Engine/DerivedDataCache/Compressed.ddp.
[2019.12.03-23.50.32:439][  0]LogDerivedDataCache: Display: Pak cache opened for reading ../../../Enterprise/DerivedDataCache/Compressed.ddp.
[2019.12.03-23.50.32:440][  0]LogDerivedDataCache: Using Local data cache path C:/Users/Heather/AppData/Local/UnrealEngine/Common/DerivedDataCache: Writable
[2019.12.03-23.50.32:440][  0]LogDerivedDataCache: Shared data cache path not found in *engine.ini, will not use an Shared cache.
[2019.12.03-23.50.32:440][  0]LogDerivedDataCache: Unable to find inner node Shared for hierarchical cache Hierarchy.
[2019.12.03-23.50.32:463][  0]LogMaterial: Verifying Global Shaders for PCD3D_SM5
[2019.12.03-23.50.32:466][  0]LogSlate: Using FreeType 2.6.0
[2019.12.03-23.50.32:479][  0]LogSlate: SlateFontServices - WITH_FREETYPE: 1, WITH_HARFBUZZ: 1
[2019.12.03-23.50.32:670][  0]LogAssetRegistry: FAssetRegistry took 0.0030 seconds to start up
[2019.12.03-23.50.32:974][  0]LogInit: Selected Device Profile: [Windows]
[2019.12.03-23.50.33:250][  0]LogMeshReduction: Using QuadricMeshReduction for automatic static mesh reduction
[2019.12.03-23.50.33:250][  0]LogMeshReduction: Using SimplygonMeshReduction for automatic skeletal mesh reduction
[2019.12.03-23.50.33:250][  0]LogMeshReduction: Using ProxyLODMeshReduction for automatic mesh merging
[2019.12.03-23.50.33:250][  0]LogMeshReduction: No distributed automatic mesh merging module available
[2019.12.03-23.50.33:250][  0]LogMeshMerging: No distributed automatic mesh merging module available
[2019.12.03-23.50.33:294][  0]LogNetVersion: Wend_Prototype 1.0.0, NetCL: 8386587, EngineNetVer: 11, GameNetVer: 0 (Checksum: 3610209969)
[2019.12.03-23.50.34:423][  0]LogPackageLocalizationCache: Processed 12 localized package path(s) for 1 prioritized culture(s) in 0.058985 seconds
[2019.12.03-23.50.34:432][  0]LogUObjectArray: 43444 objects as part of root set at end of initial load.
[2019.12.03-23.50.34:432][  0]LogUObjectAllocator: 7548648 out of 0 bytes used by permanent object pool.
[2019.12.03-23.50.34:432][  0]LogUObjectArray: CloseDisregardForGC: 0/0 objects in disregard for GC pool
[2019.12.03-23.50.36:804][  0]LogTcpMessaging: Initializing TcpMessaging bridge
[2019.12.03-23.50.36:808][  0]LogUdpMessaging: Initializing bridge on interface 0.0.0.0:0 to multicast group 230.0.0.1:6666.
[2019.12.03-23.50.36:883][  0]SourceControl: Source control is disabled
[2019.12.03-23.50.36:883][  0]SourceControl: Source control is disabled
[2019.12.03-23.50.36:884][  0]SourceControl: Source control is disabled
[2019.12.03-23.50.36:885][  0]SourceControl: Source control is disabled
[2019.12.03-23.50.37:036][  0]LogAndroidPermission: UAndroidPermissionCallbackProxy::GetInstance
[2019.12.03-23.50.37:202][  0]LogOcInput: OculusInput pre-init called
[2019.12.03-23.50.37:210][  0]LogWindows: Failed to load 'OVRPlugin.dll' (GetLastError=126)
[2019.12.03-23.50.37:211][  0]LogWindows: File 'OVRPlugin.dll' does not exist
[2019.12.03-23.50.37:364][  0]LogEngine: Initializing Engine...
[2019.12.03-23.50.37:366][  0]LogHMD: Failed to initialize OpenVR with code 110
[2019.12.03-23.50.37:367][  0]LogStats: UGameplayTagsManager::InitializeManager -  0.000 s
[2019.12.03-23.50.38:013][  0]LogInit: Initializing FReadOnlyCVARCache
[2019.12.03-23.50.38:042][  0]LogAIModule: Creating AISystem for world Untitled
[2019.12.03-23.50.38:126][  0]LogInit: XAudio2 using 'Speakers (2- Audioengine 2+  )' : 2 channels at 48 kHz using 16 bits per sample (channel mask 0x3)
[2019.12.03-23.50.38:141][  0]LogInit: FAudioDevice initialized.
[2019.12.03-23.50.38:141][  0]LogNetVersion: Set ProjectVersion to 1.0.0.0. Version Checksum will be recalculated on next use.
[2019.12.03-23.50.38:528][  0]LogDerivedDataCache: Saved boot cache 0.39s 73MB C:/Users/Heather/AppData/Local/UnrealEngine/4.23/DerivedDataCache/Boot.ddc.
[2019.12.03-23.50.38:548][  0]LogInit: Texture streaming: Enabled
[2019.12.03-23.50.38:579][  0]LogEngineSessionManager: EngineSessionManager initialized
[2019.12.03-23.50.38:579][  0]LogEditorSessionSummary: Verbose: Initializing EditorSessionSummaryWriter for editor session tracking
[2019.12.03-23.50.38:580][  0]LogEditorSessionSummary: EditorSessionSummaryWriter initialized
[2019.12.03-23.50.38:691][  0]LogInit: Transaction tracking system initialized
[2019.12.03-23.50.38:725][  0]BlueprintLog: New page: Editor Load
[2019.12.03-23.50.38:839][  0]LocalizationService: Localization service is disabled
[2019.12.03-23.50.38:940][  0]LogLinker: Warning: Failed to load '/Game/FirstPersonBP/FirstPersonOverview': Can't find file.
[2019.12.03-23.50.38:940][  0]LogLinker: Warning: Failed to load '/Game/FirstPersonBP/FirstPersonOverview': Can't find file.
[2019.12.03-23.50.38:940][  0]LogUObjectGlobals: Warning: Failed to find object 'Class /Game/FirstPersonBP/FirstPersonOverview.FirstPersonOverview_C'
[2019.12.03-23.50.39:448][  0]LogFileCache: Scanning file cache for directory 'H:/Documents/School/4th Yr/S1/Gaming/WendGame/Wend_Prototype/Content/' took 0.01s
[2019.12.03-23.50.39:448][  0]LogCook: Display: Max memory allowance for cook 16384mb min free memory 0mb
[2019.12.03-23.50.39:448][  0]LogCook: Display: Mobile HDR setting 1
[2019.12.03-23.50.39:825][  0]SourceControl: Source control is disabled
[2019.12.03-23.50.39:825][  0]Cmd: MAP LOAD FILE="H:/Documents/School/4th Yr/S1/Gaming/WendGame/Wend_Prototype/Content/WEND/Maps/MainMenuMap.umap" TEMPLATE=0 SHOWPROGRESS=1 FEATURELEVEL=3
[2019.12.03-23.50.39:836][  0]LightingResults: New page: Lighting Build
[2019.12.03-23.50.39:839][  0]LogWorld: UWorld::CleanupWorld for Untitled, bSessionEnded=true, bCleanupResources=true
[2019.12.03-23.50.39:839][  0]MapCheck: New page: Map Check
[2019.12.03-23.50.39:839][  0]LightingResults: New page: Lighting Build
[2019.12.03-23.50.39:900][  0]LogUObjectHash: Compacting FUObjectHashTables data took   1.87ms
[2019.12.03-23.50.40:144][  0]LogAIModule: Creating AISystem for world MainMenuMap
[2019.12.03-23.50.40:155][  0]LogEditorServer: Finished looking for orphan Actors (0.000 secs)
[2019.12.03-23.50.40:202][  0]LogUObjectHash: Compacting FUObjectHashTables data took   2.80ms
[2019.12.03-23.50.40:203][  0]Cmd: MAP CHECKDEP NOCLEARLOG
[2019.12.03-23.50.40:203][  0]MapCheck: Map check complete: 0 Error(s), 0 Warning(s), took 0.119ms to complete.
[2019.12.03-23.50.40:203][  0]LogFileHelpers: Loading map 'MainMenuMap' took 0.377
[2019.12.03-23.50.40:380][  0]LogSlate: Updating window title bar state: overlay mode, drag disabled, window buttons hidden, title bar hidden
[2019.12.03-23.50.40:389][  0]LogSlate: Updating window title bar state: overlay mode, drag disabled, window buttons hidden, title bar hidden
[2019.12.03-23.50.40:398][  0]LogSlate: Updating window title bar state: overlay mode, drag disabled, window buttons hidden, title bar hidden
[2019.12.03-23.50.40:411][  0]LogSlate: Updating window title bar state: overlay mode, drag disabled, window buttons hidden, title bar hidden
[2019.12.03-23.50.40:446][  0]LogCollectionManager: Loaded 0 collections in 0.002666 seconds
[2019.12.03-23.50.40:457][  0]LogFileCache: Scanning file cache for directory 'H:/Documents/School/4th Yr/S1/Gaming/WendGame/Wend_Prototype/Saved/Collections/' took 0.00s
[2019.12.03-23.50.40:457][  0]LogFileCache: Scanning file cache for directory 'H:/Documents/School/4th Yr/S1/Gaming/WendGame/Wend_Prototype/Content/Developers/Heather/Collections/' took 0.00s
[2019.12.03-23.50.40:457][  0]LogFileCache: Scanning file cache for directory 'H:/Documents/School/4th Yr/S1/Gaming/WendGame/Wend_Prototype/Content/Collections/' took 0.00s
[2019.12.03-23.50.40:457][  0]LogCollectionManager: Rebuilt the GUID cache for 0 collections in 0.000002 seconds
[2019.12.03-23.50.40:468][  0]LogContentBrowser: Native class hierarchy populated in 0.0106 seconds. Added 2864 classes and 682 folders.
[2019.12.03-23.50.40:479][  0]LogContentBrowser: Native class hierarchy updated for 'WidgetCarousel' in 0.0003 seconds. Added 0 classes and 0 folders.
[2019.12.03-23.50.40:855][  0]LogContentBrowser: Native class hierarchy updated for 'AddContentDialog' in 0.0005 seconds. Added 0 classes and 0 folders.
[2019.12.03-23.50.40:873][  0]LogSlate: Took 0.004936 seconds to synchronously load lazily loaded font '../../../Engine/Content/Slate/Fonts/Roboto-Regular.ttf' (155K)
[2019.12.03-23.50.40:884][  0]LogSlate: Took 0.009251 seconds to synchronously load lazily loaded font '../../../Engine/Content/Slate/Fonts/Roboto-Bold.ttf' (160K)
[2019.12.03-23.50.40:910][  0]LogSlate: Took 0.014283 seconds to synchronously load lazily loaded font '../../../Engine/Content/Editor/Slate/Fonts/FontAwesome.ttf' (139K)
[2019.12.03-23.50.41:026][  0]LogRenderer: Reallocating scene render targets to support 924x608 Format 10 NumSamples 1 (Frame:1).
[2019.12.03-23.50.41:176][  0]LogContentBrowser: Native class hierarchy updated for 'HierarchicalLODOutliner' in 0.0003 seconds. Added 0 classes and 0 folders.
[2019.12.03-23.50.41:176][  0]LogLoad: (Engine Initialization) Total time: 17.65 seconds
[2019.12.03-23.50.41:176][  0]LogLoad: (Engine Initialization) Total Blueprint compile time: 0.00 seconds
[2019.12.03-23.50.41:235][  0]LogContentStreaming: Texture pool size now 1000 MB
[2019.12.03-23.50.42:280][ 19]LogSlate: Took 0.004586 seconds to synchronously load lazily loaded font '../../../Engine/Content/Slate/Fonts/Roboto-Light.ttf' (167K)
[2019.12.03-23.50.42:353][ 20]LogAssetRegistry: Asset discovery search completed in 9.6844 seconds
[2019.12.03-23.50.42:356][ 20]LogCollectionManager: Rebuilt the object cache for 0 collections in 0.000005 seconds (found 0 objects)
[2019.12.03-23.50.42:356][ 20]LogCollectionManager: Fixed up redirectors for 0 collections in 0.000073 seconds (updated 0 objects)
[2019.12.03-23.51.11:840][517]LogSlate: FSceneViewport::OnFocusLost() reason 0
[2019.12.03-23.51.15:089][896]LogSlate: Took 0.000204 seconds to synchronously load lazily loaded font '../../../Engine/Content/Slate/Fonts/Roboto-Light.ttf' (167K)
[2019.12.03-23.51.15:099][896]LogAssetEditorManager: Opening Asset editor for ParticleSystem /Game/WEND/Particles/P_SpecialObject.P_SpecialObject
[2019.12.03-23.51.15:106][896]LogContentBrowser: Native class hierarchy updated for 'Cascade' in 0.0003 seconds. Added 2 classes and 2 folders.
[2019.12.03-23.51.31:686][708]LogSlate: FSceneViewport::OnFocusLost() reason 0
[2019.12.03-23.51.40:139][717]LogSlate: FSceneViewport::OnFocusLost() reason 0
[2019.12.03-23.51.41:181][841]LogEditorSessionSummary: EditorSessionSummary sent report. Type=Shutdown, SessionId={B043C5EB-45DD-8B28-DEE6-15B8055EBA78}
[2019.12.03-23.53.15:761][418]LogSlate: FSceneViewport::OnFocusLost() reason 0
[2019.12.03-23.54.40:993][974]LogAssetEditorManager: Opening Asset editor for Blueprint /Game/WEND/Blueprints/Gem/BP_Gem.BP_Gem
[2019.12.03-23.54.41:355][974]LogContentBrowser: Native class hierarchy updated for 'BlueprintGraph' in 0.0007 seconds. Added 121 classes and 0 folders.
[2019.12.03-23.54.42:430][974]LogSlate: Took 0.007824 seconds to synchronously load lazily loaded font '../../../Engine/Content/Slate/Fonts/Roboto-BoldCondensed.ttf' (158K)
[2019.12.03-23.54.44:359][148]LogRenderer: Reallocating scene render targets to support 924x616 Format 10 NumSamples 1 (Frame:1).
[2019.12.03-23.54.59:243][787]LogSlate: FSceneViewport::OnFocusLost() reason 0
[2019.12.03-23.55.10:966][150]LogSlate: FSceneViewport::OnFocusLost() reason 2
[2019.12.03-23.55.25:849][654]LogSlate: FSceneViewport::OnFocusLost() reason 0
[2019.12.03-23.55.39:389][259]LogSlate: FSceneViewport::OnFocusLost() reason 0
[2019.12.03-23.55.48:485][320]LogSlate: FSceneViewport::OnFocusLost() reason 2
[2019.12.03-23.55.56:813][153]LogSlate: FSceneViewport::OnFocusLost() reason 0
[2019.12.03-23.55.56:935][167]LogMaterial: Display: Material /Game/WEND/Materials/M_HaloMist.M_HaloMist needed to have new flag set bUsedWithMeshParticles !
[2019.12.03-23.55.56:938][167]LogMaterial: Display: Missing cached shader map for material M_HaloMist, compiling. 
[2019.12.03-23.55.57:086][168]LogShaderCompilers: Display: Worker (1/13): shaders left to compile 151
[2019.12.03-23.55.57:086][168]LogShaderCompilers: Display: Worker (2/13): shaders left to compile 141
[2019.12.03-23.55.57:086][168]LogShaderCompilers: Display: Worker (3/13): shaders left to compile 131
[2019.12.03-23.55.57:086][168]LogShaderCompilers: Display: Worker (4/13): shaders left to compile 121
[2019.12.03-23.55.57:086][168]LogShaderCompilers: Display: Worker (5/13): shaders left to compile 111
[2019.12.03-23.55.57:086][168]LogShaderCompilers: Display: Worker (6/13): shaders left to compile 101
[2019.12.03-23.55.57:086][168]LogShaderCompilers: Display: Worker (7/13): shaders left to compile 91
[2019.12.03-23.55.57:086][168]LogShaderCompilers: Display: Worker (8/13): shaders left to compile 81
[2019.12.03-23.55.57:086][168]LogShaderCompilers: Display: Worker (9/13): shaders left to compile 71
[2019.12.03-23.55.57:086][168]LogShaderCompilers: Display: Worker (10/13): shaders left to compile 61
[2019.12.03-23.55.57:086][168]LogShaderCompilers: Display: Worker (11/13): shaders left to compile 51
[2019.12.03-23.55.57:086][168]LogShaderCompilers: Display: Worker (12/13): shaders left to compile 41
[2019.12.03-23.55.59:164][259]LogShaderCompilers: Display: Worker (6/13): shaders left to compile 31
[2019.12.03-23.55.59:317][264]LogShaderCompilers: Display: Worker (5/13): shaders left to compile 28
[2019.12.03-23.55.59:571][275]LogShaderCompilers: Display: Worker (12/13): shaders left to compile 25
[2019.12.03-23.55.59:641][278]LogShaderCompilers: Display: Worker (6/13): shaders left to compile 22
[2019.12.03-23.55.59:707][281]LogShaderCompilers: Display: Worker (5/13): shaders left to compile 20
[2019.12.03-23.55.59:707][281]LogShaderCompilers: Display: Worker (7/13): shaders left to compile 18
[2019.12.03-23.55.59:764][284]LogShaderCompilers: Display: Worker (8/13): shaders left to compile 16
[2019.12.03-23.55.59:849][287]LogShaderCompilers: Display: Worker (1/13): shaders left to compile 14
[2019.12.03-23.56.00:084][297]LogShaderCompilers: Display: Worker (5/13): shaders left to compile 12
[2019.12.03-23.56.00:121][298]LogShaderCompilers: Display: Worker (6/13): shaders left to compile 10
[2019.12.03-23.56.00:121][298]LogShaderCompilers: Display: Worker (7/13): shaders left to compile 9
[2019.12.03-23.56.00:121][298]LogShaderCompilers: Display: Worker (12/13): shaders left to compile 8
[2019.12.03-23.56.00:267][303]LogShaderCompilers: Display: Worker (1/13): shaders left to compile 7
[2019.12.03-23.56.00:322][305]LogShaderCompilers: Display: Worker (6/13): shaders left to compile 6
[2019.12.03-23.56.00:347][306]LogShaderCompilers: Display: Worker (7/13): shaders left to compile 5
[2019.12.03-23.56.00:376][307]LogShaderCompilers: Display: Worker (2/13): shaders left to compile 4
[2019.12.03-23.56.00:451][310]LogShaderCompilers: Display: Worker (12/13): shaders left to compile 3
[2019.12.03-23.56.00:500][312]LogShaderCompilers: Display: Worker (3/13): shaders left to compile 2
[2019.12.03-23.56.00:520][313]LogShaderCompilers: Display: Worker (1/13): shaders left to compile 1
[2019.12.03-23.56.02:419][483]LogOutputDevice: Warning: 

Script Stack (0 frames):

[2019.12.03-23.56.02:419][483]LogWindows: Windows GetLastError: The operation completed successfully. (0)
[2019.12.03-23.56.04:191][483]LogWindows: Error: === Critical error: ===
[2019.12.03-23.56.04:191][483]LogWindows: Error: 
[2019.12.03-23.56.04:191][483]LogWindows: Error: Assertion failed: SingleJob->Output.ShaderCode.GetShaderCodeSize() > 0 [File:D:/Build/++UE4/Sync/Engine/Source/Runtime/Engine/Private/ShaderCompiler/ShaderCompiler.cpp] [Line: 819] 
[2019.12.03-23.56.04:191][483]LogWindows: Error: 
[2019.12.03-23.56.04:191][483]LogWindows: Error: 
[2019.12.03-23.56.04:191][483]LogWindows: Error: 
[2019.12.03-23.56.04:191][483]LogWindows: Error: [Callstack] 0x00007ffa39db9129 KERNELBASE.dll!UnknownFunction []
[2019.12.03-23.56.04:191][483]LogWindows: Error: [Callstack] 0x00007ffa0391a367 UE4Editor-Core.dll!UnknownFunction []
[2019.12.03-23.56.04:191][483]LogWindows: Error: [Callstack] 0x00007ffa0391cbc4 UE4Editor-Core.dll!UnknownFunction []
[2019.12.03-23.56.04:191][483]LogWindows: Error: [Callstack] 0x00007ffa03711ada UE4Editor-Core.dll!UnknownFunction []
[2019.12.03-23.56.04:191][483]LogWindows: Error: [Callstack] 0x00007ffa036667a3 UE4Editor-Core.dll!UnknownFunction []
[2019.12.03-23.56.04:191][483]LogWindows: Error: [Callstack] 0x00007ffa03666eb0 UE4Editor-Core.dll!UnknownFunction []
[2019.12.03-23.56.04:191][483]LogWindows: Error: [Callstack] 0x00007ff9d11212dd UE4Editor-Engine.dll!UnknownFunction []
[2019.12.03-23.56.04:191][483]LogWindows: Error: [Callstack] 0x00007ff9d114c956 UE4Editor-Engine.dll!UnknownFunction []
[2019.12.03-23.56.04:191][483]LogWindows: Error: [Callstack] 0x00007ff9d114a4e9 UE4Editor-Engine.dll!UnknownFunction []
[2019.12.03-23.56.04:191][483]LogWindows: Error: [Callstack] 0x00007ff6d7558186 UE4Editor.exe!UnknownFunction []
[2019.12.03-23.56.04:191][483]LogWindows: Error: [Callstack] 0x00007ff6d756a91c UE4Editor.exe!UnknownFunction []
[2019.12.03-23.56.04:191][483]LogWindows: Error: [Callstack] 0x00007ff6d756a9fa UE4Editor.exe!UnknownFunction []
[2019.12.03-23.56.04:191][483]LogWindows: Error: [Callstack] 0x00007ff6d757b92c UE4Editor.exe!UnknownFunction []
[2019.12.03-23.56.04:191][483]LogWindows: Error: [Callstack] 0x00007ff6d757e60e UE4Editor.exe!UnknownFunction []
[2019.12.03-23.56.04:191][483]LogWindows: Error: [Callstack] 0x00007ffa3d527974 KERNEL32.DLL!UnknownFunction []
[2019.12.03-23.56.04:191][483]LogWindows: Error: [Callstack] 0x00007ffa3db8a271 ntdll.dll!UnknownFunction []
[2019.12.03-23.56.04:191][483]LogWindows: Error: 
[2019.12.03-23.56.04:225][483]LogExit: Executing StaticShutdownAfterError
[2019.12.03-23.56.04:229][483]LogWindows: FPlatformMisc::RequestExit(1)
[2019.12.03-23.56.04:271][483]Log file closed, 12/03/19 18:56:04
